<?xml version="1.0" encoding="UTF-8"?>
<testsuite xmlns:xsi="http://www.w3.org/2001/XMLSchema-instance" xsi:noNamespaceSchemaLocation="https://maven.apache.org/surefire/maven-surefire-plugin/xsd/surefire-test-report-3.0.xsd" version="3.0" name="com.finos.synthetics.instruction.integration.InstructionServiceIntegrationTest" time="1.468" tests="13" errors="0" skipped="0" failures="0">
  <properties>
[...]
</properties>
  <testcase name="shouldHandleAllPriorityLevels" classname="com.finos.synthetics.instruction.integration.InstructionServiceIntegrationTest" time="0.013">
    <system-out><![CDATA[22:24:05.476 [main] DEBUG org.springframework.test.context.BootstrapUtils - Instantiating CacheAwareContextLoaderDelegate from class [org.springframework.test.context.cache.DefaultCacheAwareContextLoaderDelegate]
22:24:05.479 [main] DEBUG org.springframework.test.context.BootstrapUtils - Instantiating BootstrapContext using constructor [public org.springframework.test.context.support.DefaultBootstrapContext(java.lang.Class,org.springframework.test.context.CacheAwareContextLoaderDelegate)]
22:24:05.490 [main] DEBUG org.springframework.test.context.BootstrapUtils - Instantiating TestContextBootstrapper for test class [com.finos.synthetics.instruction.integration.InstructionServiceIntegrationTest] from class [org.springframework.boot.test.context.SpringBootTestContextBootstrapper]
22:24:05.494 [main] INFO org.springframework.boot.test.context.SpringBootTestContextBootstrapper - Neither @ContextConfiguration nor @ContextHierarchy found for test class [com.finos.synthetics.instruction.integration.InstructionServiceIntegrationTest], using SpringBootContextLoader
22:24:05.495 [main] DEBUG org.springframework.test.context.support.AbstractContextLoader - Did not detect default resource location for test class [com.finos.synthetics.instruction.integration.InstructionServiceIntegrationTest]: class path resource [com/finos/synthetics/instruction/integration/InstructionServiceIntegrationTest-context.xml] does not exist
22:24:05.495 [main] DEBUG org.springframework.test.context.support.AbstractContextLoader - Did not detect default resource location for test class [com.finos.synthetics.instruction.integration.InstructionServiceIntegrationTest]: class path resource [com/finos/synthetics/instruction/integration/InstructionServiceIntegrationTestContext.groovy] does not exist
22:24:05.495 [main] INFO org.springframework.test.context.support.AbstractContextLoader - Could not detect default resource locations for test class [com.finos.synthetics.instruction.integration.InstructionServiceIntegrationTest]: no resource found for suffixes {-context.xml, Context.groovy}.
22:24:05.495 [main] INFO org.springframework.test.context.support.AnnotationConfigContextLoaderUtils - Could not detect default configuration classes for test class [com.finos.synthetics.instruction.integration.InstructionServiceIntegrationTest]: InstructionServiceIntegrationTest does not declare any static, non-private, non-final, nested classes annotated with @Configuration.
22:24:05.572 [main] DEBUG org.springframework.context.annotation.ClassPathScanningCandidateComponentProvider - Identified candidate component class: file [/Users/sreekumarviswanathan/ai-projects-cursor/equity-swaps-poc/synthetics-instruction-service/target/classes/com/finos/synthetics/instruction/InstructionServiceApplication.class]
22:24:05.572 [main] INFO org.springframework.boot.test.context.SpringBootTestContextBootstrapper - Found @SpringBootConfiguration com.finos.synthetics.instruction.InstructionServiceApplication for test class com.finos.synthetics.instruction.integration.InstructionServiceIntegrationTest
22:24:05.603 [main] DEBUG org.springframework.boot.test.context.SpringBootTestContextBootstrapper - @TestExecutionListeners is not present for class [com.finos.synthetics.instruction.integration.InstructionServiceIntegrationTest]: using defaults.
22:24:05.603 [main] INFO org.springframework.boot.test.context.SpringBootTestContextBootstrapper - Loaded default TestExecutionListener class names from location [META-INF/spring.factories]: [org.springframework.boot.test.mock.mockito.MockitoTestExecutionListener, org.springframework.boot.test.mock.mockito.ResetMocksTestExecutionListener, org.springframework.boot.test.autoconfigure.restdocs.RestDocsTestExecutionListener, org.springframework.boot.test.autoconfigure.web.client.MockRestServiceServerResetTestExecutionListener, org.springframework.boot.test.autoconfigure.web.servlet.MockMvcPrintOnlyOnFailureTestExecutionListener, org.springframework.boot.test.autoconfigure.web.servlet.WebDriverTestExecutionListener, org.springframework.boot.test.autoconfigure.webservices.client.MockWebServiceServerTestExecutionListener, org.springframework.test.context.web.ServletTestExecutionListener, org.springframework.test.context.support.DirtiesContextBeforeModesTestExecutionListener, org.springframework.test.context.event.ApplicationEventsTestExecutionListener, org.springframework.test.context.support.DependencyInjectionTestExecutionListener, org.springframework.test.context.support.DirtiesContextTestExecutionListener, org.springframework.test.context.transaction.TransactionalTestExecutionListener, org.springframework.test.context.jdbc.SqlScriptsTestExecutionListener, org.springframework.test.context.event.EventPublishingTestExecutionListener]
22:24:05.606 [main] DEBUG org.springframework.boot.test.context.SpringBootTestContextBootstrapper - Skipping candidate TestExecutionListener [org.springframework.test.context.transaction.TransactionalTestExecutionListener] due to a missing dependency. Specify custom listener classes or make the default listener classes and their required dependencies available. Offending class: [org/springframework/transaction/interceptor/TransactionAttributeSource]
22:24:05.606 [main] DEBUG org.springframework.boot.test.context.SpringBootTestContextBootstrapper - Skipping candidate TestExecutionListener [org.springframework.test.context.jdbc.SqlScriptsTestExecutionListener] due to a missing dependency. Specify custom listener classes or make the default listener classes and their required dependencies available. Offending class: [org/springframework/transaction/interceptor/TransactionAttribute]
22:24:05.606 [main] INFO org.springframework.boot.test.context.SpringBootTestContextBootstrapper - Using TestExecutionListeners: [org.springframework.test.context.web.ServletTestExecutionListener@37d80fe7, org.springframework.test.context.support.DirtiesContextBeforeModesTestExecutionListener@384fc774, org.springframework.test.context.event.ApplicationEventsTestExecutionListener@e3cee7b, org.springframework.boot.test.mock.mockito.MockitoTestExecutionListener@71e9a896, org.springframework.boot.test.autoconfigure.SpringBootDependencyInjectionTestExecutionListener@6b9267b, org.springframework.test.context.support.DirtiesContextTestExecutionListener@408b35bf, org.springframework.test.context.event.EventPublishingTestExecutionListener@29ad44e3, org.springframework.boot.test.mock.mockito.ResetMocksTestExecutionListener@15bcf458, org.springframework.boot.test.autoconfigure.restdocs.RestDocsTestExecutionListener@5af9926a, org.springframework.boot.test.autoconfigure.web.client.MockRestServiceServerResetTestExecutionListener@43c67247, org.springframework.boot.test.autoconfigure.web.servlet.MockMvcPrintOnlyOnFailureTestExecutionListener@fac80, org.springframework.boot.test.autoconfigure.web.servlet.WebDriverTestExecutionListener@726386ed, org.springframework.boot.test.autoconfigure.webservices.client.MockWebServiceServerTestExecutionListener@649f2009]
22:24:05.607 [main] DEBUG org.springframework.test.context.support.AbstractDirtiesContextTestExecutionListener - Before test class: context [DefaultTestContext@1c25b8a7 testClass = InstructionServiceIntegrationTest, testInstance = [null], testMethod = [null], testException = [null], mergedContextConfiguration = [WebMergedContextConfiguration@200606de testClass = InstructionServiceIntegrationTest, locations = '{}', classes = '{class com.finos.synthetics.instruction.InstructionServiceApplication}', contextInitializerClasses = '[]', activeProfiles = '{test}', propertySourceLocations = '{}', propertySourceProperties = '{org.springframework.boot.test.context.SpringBootTestContextBootstrapper=true}', contextCustomizers = set[[ImportsContextCustomizer@750fe12e key = [org.springframework.boot.autoconfigure.task.TaskExecutionAutoConfiguration, org.springframework.boot.autoconfigure.web.servlet.HttpEncodingAutoConfiguration, org.springframework.boot.autoconfigure.validation.ValidationAutoConfiguration, org.springframework.boot.autoconfigure.context.MessageSourceAutoConfiguration, org.springframework.boot.autoconfigure.hateoas.HypermediaAutoConfiguration, org.springframework.boot.autoconfigure.data.web.SpringDataWebAutoConfiguration, org.springframework.boot.autoconfigure.jackson.JacksonAutoConfiguration, org.springframework.boot.autoconfigure.thymeleaf.ThymeleafAutoConfiguration, org.springframework.boot.autoconfigure.web.servlet.error.ErrorMvcAutoConfiguration, org.springframework.boot.autoconfigure.gson.GsonAutoConfiguration, org.springframework.boot.autoconfigure.jsonb.JsonbAutoConfiguration, org.springframework.boot.autoconfigure.freemarker.FreeMarkerAutoConfiguration, org.springframework.boot.autoconfigure.web.servlet.WebMvcAutoConfiguration, org.springframework.boot.autoconfigure.http.HttpMessageConvertersAutoConfiguration, org.springframework.boot.autoconfigure.groovy.template.GroovyTemplateAutoConfiguration, org.springframework.boot.autoconfigure.mustache.MustacheAutoConfiguration]], org.springframework.boot.test.context.filter.ExcludeFilterContextCustomizer@22875539, org.springframework.boot.test.json.DuplicateJsonObjectContextCustomizerFactory$DuplicateJsonObjectContextCustomizer@43f82e78, org.springframework.boot.test.mock.mockito.MockitoContextCustomizer@7c4c38eb, org.springframework.boot.test.web.client.TestRestTemplateContextCustomizer@4dd02341, org.springframework.boot.test.autoconfigure.actuate.metrics.MetricsExportContextCustomizerFactory$DisableMetricExportContextCustomizer@46268f08, org.springframework.boot.test.autoconfigure.properties.PropertyMappingContextCustomizer@0, org.springframework.boot.test.autoconfigure.web.servlet.WebDriverContextCustomizerFactory$Customizer@2d96543c, org.springframework.boot.test.context.SpringBootTestArgs@1, org.springframework.boot.test.context.SpringBootTestWebEnvironment@544fa968], resourceBasePath = 'src/main/webapp', contextLoader = 'org.springframework.boot.test.context.SpringBootContextLoader', parent = [null]], attributes = map['org.springframework.test.context.web.ServletTestExecutionListener.activateListener' -> true]], class annotated with @DirtiesContext [false] with mode [null].

  .   ____          _            __ _ _
 /\\ / ___'_ __ _ _(_)_ __  __ _ \ \ \ \
( ( )\___ | '_ | '_| | '_ \/ _` | \ \ \ \
 \\/  ___)| |_)| | | | | || (_| |  ) ) ) )
  '  |____| .__|_| |_|_| |_\__, | / / / /
 =========|_|==============|___/=/_/_/_/
 :: Spring Boot ::               (v2.7.18)

2025-08-01 22:24:05 [main] INFO  c.f.s.i.i.InstructionServiceIntegrationTest - Starting InstructionServiceIntegrationTest using Java 21.0.3 on Mac with PID 20998 (started by sreekumarviswanathan in /Users/sreekumarviswanathan/ai-projects-cursor/equity-swaps-poc/synthetics-instruction-service)
2025-08-01 22:24:05 [main] DEBUG c.f.s.i.i.InstructionServiceIntegrationTest - Running with Spring Boot v2.7.18, Spring v5.3.31
2025-08-01 22:24:05 [main] INFO  c.f.s.i.i.InstructionServiceIntegrationTest - The following 1 profile is active: "test"
2025-08-01 22:24:05 [main] DEBUG o.s.w.c.s.GenericWebApplicationContext - Refreshing org.springframework.web.context.support.GenericWebApplicationContext@327c7bea
2025-08-01 22:24:05 [main] DEBUG o.s.c.o.FeignClientsRegistrar$1 - Identified candidate component class: file [/Users/sreekumarviswanathan/ai-projects-cursor/equity-swaps-poc/synthetics-instruction-service/target/classes/com/finos/synthetics/instruction/client/HandlerServiceClient.class]
2025-08-01 22:24:06 [main] INFO  o.s.cloud.context.scope.GenericScope - BeanFactory id=9635f750-0bd4-323a-ae65-e79bc5f51f4c
2025-08-01 22:24:06 [main] DEBUG o.s.w.s.m.m.a.RequestMappingHandlerAdapter - ControllerAdvice beans: 0 @ModelAttribute, 0 @InitBinder, 1 RequestBodyAdvice, 1 ResponseBodyAdvice
2025-08-01 22:24:06 [main] DEBUG o.s.w.s.m.m.a.RequestMappingHandlerMapping - 9 mappings in 'requestMappingHandlerMapping'
2025-08-01 22:24:06 [main] DEBUG o.s.w.s.h.SimpleUrlHandlerMapping - Patterns [/webjars/**, /**] in 'resourceHandlerMapping'
2025-08-01 22:24:06 [main] DEBUG o.s.w.s.m.m.a.ExceptionHandlerExceptionResolver - ControllerAdvice beans: 0 @ExceptionHandler, 1 ResponseBodyAdvice
2025-08-01 22:24:06 [main] INFO  o.s.c.n.e.c.DiscoveryClientOptionalArgsConfiguration - Eureka HTTP Client uses RestTemplate.
2025-08-01 22:24:06 [main] WARN  o.s.c.l.c.LoadBalancerCacheAutoConfiguration$LoadBalancerCaffeineWarnLogger - Spring Cloud LoadBalancer is currently working with the default cache. While this cache implementation is useful for development and tests, it's recommended to use Caffeine cache in production.You can switch to using Caffeine cache, by adding it and org.springframework.cache.caffeine.CaffeineCacheManager to the classpath.
2025-08-01 22:24:06 [main] INFO  o.s.b.a.e.web.EndpointLinksResolver - Exposing 3 endpoint(s) beneath base path '/actuator'
2025-08-01 22:24:06 [main] INFO  c.f.s.i.i.InstructionServiceIntegrationTest - Started InstructionServiceIntegrationTest in 1.115 seconds (JVM running for 1.521)
]]></system-out>
  </testcase>
  <testcase name="shouldReturnHealthStatus" classname="com.finos.synthetics.instruction.integration.InstructionServiceIntegrationTest" time="0.025">
    <system-out><![CDATA[2025-08-01 22:24:06 [main] INFO  o.s.b.t.m.w.SpringBootMockServletContext - Initializing Spring TestDispatcherServlet ''
2025-08-01 22:24:06 [main] INFO  o.s.t.w.s.TestDispatcherServlet - Initializing Servlet ''
2025-08-01 22:24:06 [main] INFO  o.s.t.w.s.TestDispatcherServlet - Completed initialization in 0 ms
2025-08-01 22:24:06 [main] DEBUG o.s.w.s.m.m.a.RequestMappingHandlerMapping - Mapped to com.finos.synthetics.instruction.controller.InstructionController#healthCheck()
2025-08-01 22:24:06 [main] INFO  c.f.s.i.c.InstructionController - Health check requested
2025-08-01 22:24:06 [main] DEBUG o.s.w.s.m.m.a.HttpEntityMethodProcessor - Using 'text/plain', given [*/*] and supported [text/plain, */*, text/plain, */*, application/json, application/*+json, application/json, application/*+json, application/xml;charset=UTF-8, text/xml;charset=UTF-8, application/*+xml;charset=UTF-8, application/xml;charset=UTF-8, text/xml;charset=UTF-8, application/*+xml;charset=UTF-8]
2025-08-01 22:24:06 [main] DEBUG o.s.w.s.m.m.a.HttpEntityMethodProcessor - Writing ["Instruction Service Status: UNHEALTHY"]
]]></system-out>
  </testcase>
  <testcase name="shouldValidateInstructionRequestModel" classname="com.finos.synthetics.instruction.integration.InstructionServiceIntegrationTest" time="0.001"/>
  <testcase name="shouldHandleInvalidJsonRequest" classname="com.finos.synthetics.instruction.integration.InstructionServiceIntegrationTest" time="0.022">
    <system-out><![CDATA[2025-08-01 22:24:06 [main] INFO  o.s.b.t.m.w.SpringBootMockServletContext - Initializing Spring TestDispatcherServlet ''
2025-08-01 22:24:06 [main] INFO  o.s.t.w.s.TestDispatcherServlet - Initializing Servlet ''
2025-08-01 22:24:06 [main] INFO  o.s.t.w.s.TestDispatcherServlet - Completed initialization in 0 ms
2025-08-01 22:24:06 [main] DEBUG o.s.w.s.m.m.a.RequestMappingHandlerMapping - Mapped to com.finos.synthetics.instruction.controller.InstructionController#processInstruction(InstructionRequest)
2025-08-01 22:24:06 [main] DEBUG o.s.web.method.HandlerMethod - Could not resolve parameter [0] in public org.springframework.http.ResponseEntity<com.finos.synthetics.instruction.model.InstructionResponse> com.finos.synthetics.instruction.controller.InstructionController.processInstruction(com.finos.synthetics.instruction.model.InstructionRequest): JSON parse error: Unrecognized token 'invalid': was expecting (JSON String, Number, Array, Object or token 'null', 'true' or 'false'); nested exception is com.fasterxml.jackson.core.JsonParseException: Unrecognized token 'invalid': was expecting (JSON String, Number, Array, Object or token 'null', 'true' or 'false')
 at [Source: (org.springframework.util.StreamUtils$NonClosingInputStream); line: 1, column: 9]
2025-08-01 22:24:06 [main] WARN  o.s.w.s.m.s.DefaultHandlerExceptionResolver - Resolved [org.springframework.http.converter.HttpMessageNotReadableException: JSON parse error: Unrecognized token 'invalid': was expecting (JSON String, Number, Array, Object or token 'null', 'true' or 'false'); nested exception is com.fasterxml.jackson.core.JsonParseException: Unrecognized token 'invalid': was expecting (JSON String, Number, Array, Object or token 'null', 'true' or 'false')<EOL> at [Source: (org.springframework.util.StreamUtils$NonClosingInputStream); line: 1, column: 9]]
]]></system-out>
  </testcase>
  <testcase name="shouldHandleAllResponseStatuses" classname="com.finos.synthetics.instruction.integration.InstructionServiceIntegrationTest" time="0.001"/>
  <testcase name="shouldReturnSupportedInstructionTypes" classname="com.finos.synthetics.instruction.integration.InstructionServiceIntegrationTest" time="0.006">
    <system-out><![CDATA[2025-08-01 22:24:06 [main] INFO  o.s.b.t.m.w.SpringBootMockServletContext - Initializing Spring TestDispatcherServlet ''
2025-08-01 22:24:06 [main] INFO  o.s.t.w.s.TestDispatcherServlet - Initializing Servlet ''
2025-08-01 22:24:06 [main] INFO  o.s.t.w.s.TestDispatcherServlet - Completed initialization in 0 ms
2025-08-01 22:24:06 [main] DEBUG o.s.w.s.m.m.a.RequestMappingHandlerMapping - Mapped to com.finos.synthetics.instruction.controller.InstructionController#getSupportedInstructionTypes()
2025-08-01 22:24:06 [main] INFO  c.f.s.i.c.InstructionController - Supported instruction types requested
2025-08-01 22:24:06 [main] DEBUG o.s.w.s.m.m.a.HttpEntityMethodProcessor - Using 'application/json', given [*/*] and supported [application/json, application/*+json, application/json, application/*+json, application/xml;charset=UTF-8, text/xml;charset=UTF-8, application/*+xml;charset=UTF-8, application/xml;charset=UTF-8, text/xml;charset=UTF-8, application/*+xml;charset=UTF-8]
2025-08-01 22:24:06 [main] DEBUG o.s.w.s.m.m.a.HttpEntityMethodProcessor - Writing [{CONTRACT_FORMATION, EXECUTION, EXERCISE, RESET, PARTY_CHANGE, SPLIT, QUANTITY_CHANGE, TERMS_CHANGE, (truncated)...]
]]></system-out>
  </testcase>
  <testcase name="shouldHandleMissingRequiredFields" classname="com.finos.synthetics.instruction.integration.InstructionServiceIntegrationTest" time="0.038">
    <system-out><![CDATA[2025-08-01 22:24:06 [main] INFO  o.s.b.t.m.w.SpringBootMockServletContext - Initializing Spring TestDispatcherServlet ''
2025-08-01 22:24:06 [main] INFO  o.s.t.w.s.TestDispatcherServlet - Initializing Servlet ''
2025-08-01 22:24:06 [main] INFO  o.s.t.w.s.TestDispatcherServlet - Completed initialization in 0 ms
2025-08-01 22:24:06 [main] DEBUG o.s.w.s.m.m.a.RequestMappingHandlerMapping - Mapped to com.finos.synthetics.instruction.controller.InstructionController#processInstruction(InstructionRequest)
2025-08-01 22:24:06 [main] DEBUG o.s.w.s.m.m.a.RequestResponseBodyMethodProcessor - Read "application/json" to [InstructionRequest{instructionId='df130d17-1663-4231-954d-b922236156ca', instructionType=null, prior (truncated)...]
2025-08-01 22:24:06 [main] WARN  o.s.w.s.m.s.DefaultHandlerExceptionResolver - Resolved [org.springframework.web.bind.MethodArgumentNotValidException: Validation failed for argument [0] in public org.springframework.http.ResponseEntity<com.finos.synthetics.instruction.model.InstructionResponse> com.finos.synthetics.instruction.controller.InstructionController.processInstruction(com.finos.synthetics.instruction.model.InstructionRequest) with 3 errors: [Field error in object 'instructionRequest' on field 'instructionType': rejected value [null]; codes [NotNull.instructionRequest.instructionType,NotNull.instructionType,NotNull.com.finos.synthetics.instruction.model.InstructionRequest$InstructionType,NotNull]; arguments [org.springframework.context.support.DefaultMessageSourceResolvable: codes [instructionRequest.instructionType,instructionType]; arguments []; default message [instructionType]]; default message [must not be null]] [Field error in object 'instructionRequest' on field 'instructionData': rejected value [null]; codes [NotBlank.instructionRequest.instructionData,NotBlank.instructionData,NotBlank.java.lang.String,NotBlank]; arguments [org.springframework.context.support.DefaultMessageSourceResolvable: codes [instructionRequest.instructionData,instructionData]; arguments []; default message [instructionData]]; default message [must not be blank]] [Field error in object 'instructionRequest' on field 'instructionData': rejected value [null]; codes [NotNull.instructionRequest.instructionData,NotNull.instructionData,NotNull.java.lang.String,NotNull]; arguments [org.springframework.context.support.DefaultMessageSourceResolvable: codes [instructionRequest.instructionData,instructionData]; arguments []; default message [instructionData]]; default message [must not be null]] ]
]]></system-out>
  </testcase>
  <testcase name="shouldReturnServiceInfo" classname="com.finos.synthetics.instruction.integration.InstructionServiceIntegrationTest" time="0.002">
    <system-out><![CDATA[2025-08-01 22:24:06 [main] INFO  o.s.b.t.m.w.SpringBootMockServletContext - Initializing Spring TestDispatcherServlet ''
2025-08-01 22:24:06 [main] INFO  o.s.t.w.s.TestDispatcherServlet - Initializing Servlet ''
2025-08-01 22:24:06 [main] INFO  o.s.t.w.s.TestDispatcherServlet - Completed initialization in 0 ms
2025-08-01 22:24:06 [main] DEBUG o.s.w.s.m.m.a.RequestMappingHandlerMapping - Mapped to com.finos.synthetics.instruction.controller.InstructionController#getServiceInfo()
2025-08-01 22:24:06 [main] INFO  c.f.s.i.c.InstructionController - Service info requested
2025-08-01 22:24:06 [main] DEBUG o.s.w.s.m.m.a.HttpEntityMethodProcessor - Using 'text/plain', given [*/*] and supported [text/plain, */*, text/plain, */*, application/json, application/*+json, application/json, application/*+json, application/xml;charset=UTF-8, text/xml;charset=UTF-8, application/*+xml;charset=UTF-8, application/xml;charset=UTF-8, text/xml;charset=UTF-8, application/*+xml;charset=UTF-8]
2025-08-01 22:24:06 [main] DEBUG o.s.w.s.m.m.a.HttpEntityMethodProcessor - Writing ["Instruction Service v1.0.0<EOL>Handler Service: null<EOL>Supported Instructions: CONTRACT_FORMATION, EXECUTI (truncated)..."]
]]></system-out>
  </testcase>
  <testcase name="shouldHandleCorsPreflightRequest" classname="com.finos.synthetics.instruction.integration.InstructionServiceIntegrationTest" time="0.003">
    <system-out><![CDATA[2025-08-01 22:24:06 [main] INFO  o.s.b.t.m.w.SpringBootMockServletContext - Initializing Spring TestDispatcherServlet ''
2025-08-01 22:24:06 [main] INFO  o.s.t.w.s.TestDispatcherServlet - Initializing Servlet ''
2025-08-01 22:24:06 [main] INFO  o.s.t.w.s.TestDispatcherServlet - Completed initialization in 0 ms
2025-08-01 22:24:06 [main] DEBUG o.s.w.s.m.m.a.RequestMappingHandlerMapping - Mapped to com.finos.synthetics.instruction.controller.InstructionController#processInstruction(InstructionRequest)
]]></system-out>
  </testcase>
  <testcase name="shouldReturnInstructionPriorities" classname="com.finos.synthetics.instruction.integration.InstructionServiceIntegrationTest" time="0.002">
    <system-out><![CDATA[2025-08-01 22:24:06 [main] INFO  o.s.b.t.m.w.SpringBootMockServletContext - Initializing Spring TestDispatcherServlet ''
2025-08-01 22:24:06 [main] INFO  o.s.t.w.s.TestDispatcherServlet - Initializing Servlet ''
2025-08-01 22:24:06 [main] INFO  o.s.t.w.s.TestDispatcherServlet - Completed initialization in 0 ms
2025-08-01 22:24:06 [main] DEBUG o.s.w.s.m.m.a.RequestMappingHandlerMapping - Mapped to com.finos.synthetics.instruction.controller.InstructionController#getInstructionPriorities()
2025-08-01 22:24:06 [main] INFO  c.f.s.i.c.InstructionController - Instruction priorities requested
2025-08-01 22:24:06 [main] DEBUG o.s.w.s.m.m.a.HttpEntityMethodProcessor - Using 'application/json', given [*/*] and supported [application/json, application/*+json, application/json, application/*+json, application/xml;charset=UTF-8, text/xml;charset=UTF-8, application/*+xml;charset=UTF-8, application/xml;charset=UTF-8, text/xml;charset=UTF-8, application/*+xml;charset=UTF-8]
2025-08-01 22:24:06 [main] DEBUG o.s.w.s.m.m.a.HttpEntityMethodProcessor - Writing [{LOW, NORMAL, HIGH, CRITICAL}]
]]></system-out>
  </testcase>
  <testcase name="shouldLoadApplicationContext" classname="com.finos.synthetics.instruction.integration.InstructionServiceIntegrationTest" time="0.001"/>
  <testcase name="shouldHandleAllInstructionTypes" classname="com.finos.synthetics.instruction.integration.InstructionServiceIntegrationTest" time="0.001"/>
  <testcase name="shouldValidateInstructionResponseModel" classname="com.finos.synthetics.instruction.integration.InstructionServiceIntegrationTest" time="0.001"/>
</testsuite>